<?xml version="1.0" encoding="UTF-8"?>
<!-- Generated by org.testng.reporters.JUnitReportReporter -->
<testsuite hostname="LAPTOP-APP06KDG" failures="0" tests="4" name="com.sucharita.JiraApi.JiraAPICloudTest" time="6.524" errors="0" timestamp="02 Aug. 2023 01:15:47 GMT" skipped="0">
  <testcase classname="com.sucharita.JiraApi.JiraAPICloudTest" name="testMetadataApiCall" time="4.272"/>
  <testcase classname="com.sucharita.JiraApi.JiraAPICloudTest" name="testCreateIssueApi" time="1.026"/>
  <testcase classname="com.sucharita.JiraApi.JiraAPICloudTest" name="testEditIssueSummaryApi" time="0.540"/>
  <testcase classname="com.sucharita.JiraApi.JiraAPICloudTest" name="testDeleteIssueUsingID" time="0.686"/>
</testsuite> <!-- com.sucharita.JiraApi.JiraAPICloudTest -->
